<?xml version="1.0" encoding="UTF-8"?>
<testsuite xmlns:xsi="http://www.w3.org/2001/XMLSchema-instance" xsi:noNamespaceSchemaLocation="https://maven.apache.org/surefire/maven-surefire-plugin/xsd/surefire-test-report-3.0.xsd" version="3.0" name="com.mycompany.app.AppTest" time="5.903" tests="1" errors="0" skipped="0" failures="0">
  <properties>
    <property name="sun.desktop" value="gnome"/>
    <property name="awt.toolkit" value="sun.awt.X11.XToolkit"/>
    <property name="java.specification.version" value="11"/>
    <property name="sun.cpu.isalist" value=""/>
    <property name="sun.jnu.encoding" value="UTF-8"/>
    <property name="java.class.path" value="/home/arpine_k/Arm/my-app/target/test-classes:/home/arpine_k/Arm/my-app/target/classes:/home/arpine_k/.m2/repository/org/testng/testng/7.3.0/testng-7.3.0.jar:/home/arpine_k/.m2/repository/com/beust/jcommander/1.78/jcommander-1.78.jar:/home/arpine_k/.m2/repository/org/apache/ant/ant/1.10.3/ant-1.10.3.jar:/home/arpine_k/.m2/repository/org/apache/ant/ant-launcher/1.10.3/ant-launcher-1.10.3.jar:/home/arpine_k/.m2/repository/junit/junit/4.12/junit-4.12.jar:/home/arpine_k/.m2/repository/org/hamcrest/hamcrest-core/1.3/hamcrest-core-1.3.jar:/home/arpine_k/.m2/repository/com/google/inject/guice/4.2.2/guice-4.2.2-no_aop.jar:/home/arpine_k/.m2/repository/javax/inject/javax.inject/1/javax.inject-1.jar:/home/arpine_k/.m2/repository/aopalliance/aopalliance/1.0/aopalliance-1.0.jar:/home/arpine_k/.m2/repository/org/yaml/snakeyaml/1.21/snakeyaml-1.21.jar:/home/arpine_k/.m2/repository/org/seleniumhq/selenium/selenium-java/3.141.59/selenium-java-3.141.59.jar:/home/arpine_k/.m2/repository/org/seleniumhq/selenium/selenium-api/3.141.59/selenium-api-3.141.59.jar:/home/arpine_k/.m2/repository/org/seleniumhq/selenium/selenium-chrome-driver/3.141.59/selenium-chrome-driver-3.141.59.jar:/home/arpine_k/.m2/repository/org/seleniumhq/selenium/selenium-edge-driver/3.141.59/selenium-edge-driver-3.141.59.jar:/home/arpine_k/.m2/repository/org/seleniumhq/selenium/selenium-firefox-driver/3.141.59/selenium-firefox-driver-3.141.59.jar:/home/arpine_k/.m2/repository/org/seleniumhq/selenium/selenium-ie-driver/3.141.59/selenium-ie-driver-3.141.59.jar:/home/arpine_k/.m2/repository/org/seleniumhq/selenium/selenium-opera-driver/3.141.59/selenium-opera-driver-3.141.59.jar:/home/arpine_k/.m2/repository/org/seleniumhq/selenium/selenium-remote-driver/3.141.59/selenium-remote-driver-3.141.59.jar:/home/arpine_k/.m2/repository/org/seleniumhq/selenium/selenium-safari-driver/3.141.59/selenium-safari-driver-3.141.59.jar:/home/arpine_k/.m2/repository/org/seleniumhq/selenium/selenium-support/3.141.59/selenium-support-3.141.59.jar:/home/arpine_k/.m2/repository/net/bytebuddy/byte-buddy/1.8.15/byte-buddy-1.8.15.jar:/home/arpine_k/.m2/repository/org/apache/commons/commons-exec/1.3/commons-exec-1.3.jar:/home/arpine_k/.m2/repository/com/google/guava/guava/25.0-jre/guava-25.0-jre.jar:/home/arpine_k/.m2/repository/com/google/code/findbugs/jsr305/1.3.9/jsr305-1.3.9.jar:/home/arpine_k/.m2/repository/org/checkerframework/checker-compat-qual/2.0.0/checker-compat-qual-2.0.0.jar:/home/arpine_k/.m2/repository/com/google/errorprone/error_prone_annotations/2.1.3/error_prone_annotations-2.1.3.jar:/home/arpine_k/.m2/repository/com/google/j2objc/j2objc-annotations/1.1/j2objc-annotations-1.1.jar:/home/arpine_k/.m2/repository/org/codehaus/mojo/animal-sniffer-annotations/1.14/animal-sniffer-annotations-1.14.jar:/home/arpine_k/.m2/repository/com/squareup/okhttp3/okhttp/3.11.0/okhttp-3.11.0.jar:/home/arpine_k/.m2/repository/com/squareup/okio/okio/1.14.0/okio-1.14.0.jar:/home/arpine_k/.m2/repository/org/seleniumhq/selenium/selenium-server/3.0.1/selenium-server-3.0.1.jar:/home/arpine_k/.m2/repository/net/jcip/jcip-annotations/1.0/jcip-annotations-1.0.jar:/home/arpine_k/.m2/repository/org/seleniumhq/selenium/jetty-repacked/9.2.13.v20160825/jetty-repacked-9.2.13.v20160825.jar:/home/arpine_k/.m2/repository/javax/servlet/javax.servlet-api/3.1.0/javax.servlet-api-3.1.0.jar:/home/arpine_k/.m2/repository/org/seleniumhq/selenium/htmlunit-driver/2.23/htmlunit-driver-2.23.jar:/home/arpine_k/.m2/repository/net/sourceforge/htmlunit/htmlunit/2.23/htmlunit-2.23.jar:/home/arpine_k/.m2/repository/xalan/xalan/2.7.2/xalan-2.7.2.jar:/home/arpine_k/.m2/repository/xalan/serializer/2.7.2/serializer-2.7.2.jar:/home/arpine_k/.m2/repository/org/apache/httpcomponents/httpclient/4.5.2/httpclient-4.5.2.jar:/home/arpine_k/.m2/repository/org/apache/httpcomponents/httpcore/4.4.4/httpcore-4.4.4.jar:/home/arpine_k/.m2/repository/org/apache/httpcomponents/httpmime/4.5.2/httpmime-4.5.2.jar:/home/arpine_k/.m2/repository/net/sourceforge/htmlunit/htmlunit-core-js/2.23/htmlunit-core-js-2.23.jar:/home/arpine_k/.m2/repository/net/sourceforge/htmlunit/neko-htmlunit/2.23/neko-htmlunit-2.23.jar:/home/arpine_k/.m2/repository/xerces/xercesImpl/2.11.0/xercesImpl-2.11.0.jar:/home/arpine_k/.m2/repository/xml-apis/xml-apis/1.4.01/xml-apis-1.4.01.jar:/home/arpine_k/.m2/repository/net/sourceforge/cssparser/cssparser/0.9.20/cssparser-0.9.20.jar:/home/arpine_k/.m2/repository/org/w3c/css/sac/1.3/sac-1.3.jar:/home/arpine_k/.m2/repository/commons-logging/commons-logging/1.2/commons-logging-1.2.jar:/home/arpine_k/.m2/repository/io/github/bonigarcia/webdrivermanager/4.3.1/webdrivermanager-4.3.1.jar:/home/arpine_k/.m2/repository/org/slf4j/slf4j-api/1.7.30/slf4j-api-1.7.30.jar:/home/arpine_k/.m2/repository/commons-io/commons-io/2.8.0/commons-io-2.8.0.jar:/home/arpine_k/.m2/repository/com/google/code/gson/gson/2.8.6/gson-2.8.6.jar:/home/arpine_k/.m2/repository/org/apache/commons/commons-lang3/3.11/commons-lang3-3.11.jar:/home/arpine_k/.m2/repository/org/apache/httpcomponents/client5/httpclient5/5.0.3/httpclient5-5.0.3.jar:/home/arpine_k/.m2/repository/org/apache/httpcomponents/core5/httpcore5/5.0.2/httpcore5-5.0.2.jar:/home/arpine_k/.m2/repository/org/apache/httpcomponents/core5/httpcore5-h2/5.0.2/httpcore5-h2-5.0.2.jar:/home/arpine_k/.m2/repository/commons-codec/commons-codec/1.13/commons-codec-1.13.jar:/home/arpine_k/.m2/repository/org/rauschig/jarchivelib/1.1.0/jarchivelib-1.1.0.jar:/home/arpine_k/.m2/repository/org/apache/commons/commons-compress/1.20/commons-compress-1.20.jar:/home/arpine_k/.m2/repository/org/jsoup/jsoup/1.13.1/jsoup-1.13.1.jar:"/>
    <property name="java.vm.vendor" value="Ubuntu"/>
    <property name="sun.arch.data.model" value="64"/>
    <property name="java.vendor.url" value="https://ubuntu.com/"/>
    <property name="user.timezone" value="Asia/Yerevan"/>
    <property name="java.vm.specification.version" value="11"/>
    <property name="os.name" value="Linux"/>
    <property name="sun.java.launcher" value="SUN_STANDARD"/>
    <property name="user.country" value="US"/>
    <property name="sun.boot.library.path" value="/usr/lib/jvm/java-11-openjdk-amd64/lib"/>
    <property name="sun.java.command" value="/home/arpine_k/Arm/my-app/target/surefire/surefirebooter-20221012163731883_3.jar /home/arpine_k/Arm/my-app/target/surefire 2022-10-12T16-37-31_755-jvmRun1 surefire-20221012163731883_1tmp surefire_0-20221012163731883_2tmp"/>
    <property name="jdk.debug" value="release"/>
    <property name="surefire.test.class.path" value="/home/arpine_k/Arm/my-app/target/test-classes:/home/arpine_k/Arm/my-app/target/classes:/home/arpine_k/.m2/repository/org/testng/testng/7.3.0/testng-7.3.0.jar:/home/arpine_k/.m2/repository/com/beust/jcommander/1.78/jcommander-1.78.jar:/home/arpine_k/.m2/repository/org/apache/ant/ant/1.10.3/ant-1.10.3.jar:/home/arpine_k/.m2/repository/org/apache/ant/ant-launcher/1.10.3/ant-launcher-1.10.3.jar:/home/arpine_k/.m2/repository/junit/junit/4.12/junit-4.12.jar:/home/arpine_k/.m2/repository/org/hamcrest/hamcrest-core/1.3/hamcrest-core-1.3.jar:/home/arpine_k/.m2/repository/com/google/inject/guice/4.2.2/guice-4.2.2-no_aop.jar:/home/arpine_k/.m2/repository/javax/inject/javax.inject/1/javax.inject-1.jar:/home/arpine_k/.m2/repository/aopalliance/aopalliance/1.0/aopalliance-1.0.jar:/home/arpine_k/.m2/repository/org/yaml/snakeyaml/1.21/snakeyaml-1.21.jar:/home/arpine_k/.m2/repository/org/seleniumhq/selenium/selenium-java/3.141.59/selenium-java-3.141.59.jar:/home/arpine_k/.m2/repository/org/seleniumhq/selenium/selenium-api/3.141.59/selenium-api-3.141.59.jar:/home/arpine_k/.m2/repository/org/seleniumhq/selenium/selenium-chrome-driver/3.141.59/selenium-chrome-driver-3.141.59.jar:/home/arpine_k/.m2/repository/org/seleniumhq/selenium/selenium-edge-driver/3.141.59/selenium-edge-driver-3.141.59.jar:/home/arpine_k/.m2/repository/org/seleniumhq/selenium/selenium-firefox-driver/3.141.59/selenium-firefox-driver-3.141.59.jar:/home/arpine_k/.m2/repository/org/seleniumhq/selenium/selenium-ie-driver/3.141.59/selenium-ie-driver-3.141.59.jar:/home/arpine_k/.m2/repository/org/seleniumhq/selenium/selenium-opera-driver/3.141.59/selenium-opera-driver-3.141.59.jar:/home/arpine_k/.m2/repository/org/seleniumhq/selenium/selenium-remote-driver/3.141.59/selenium-remote-driver-3.141.59.jar:/home/arpine_k/.m2/repository/org/seleniumhq/selenium/selenium-safari-driver/3.141.59/selenium-safari-driver-3.141.59.jar:/home/arpine_k/.m2/repository/org/seleniumhq/selenium/selenium-support/3.141.59/selenium-support-3.141.59.jar:/home/arpine_k/.m2/repository/net/bytebuddy/byte-buddy/1.8.15/byte-buddy-1.8.15.jar:/home/arpine_k/.m2/repository/org/apache/commons/commons-exec/1.3/commons-exec-1.3.jar:/home/arpine_k/.m2/repository/com/google/guava/guava/25.0-jre/guava-25.0-jre.jar:/home/arpine_k/.m2/repository/com/google/code/findbugs/jsr305/1.3.9/jsr305-1.3.9.jar:/home/arpine_k/.m2/repository/org/checkerframework/checker-compat-qual/2.0.0/checker-compat-qual-2.0.0.jar:/home/arpine_k/.m2/repository/com/google/errorprone/error_prone_annotations/2.1.3/error_prone_annotations-2.1.3.jar:/home/arpine_k/.m2/repository/com/google/j2objc/j2objc-annotations/1.1/j2objc-annotations-1.1.jar:/home/arpine_k/.m2/repository/org/codehaus/mojo/animal-sniffer-annotations/1.14/animal-sniffer-annotations-1.14.jar:/home/arpine_k/.m2/repository/com/squareup/okhttp3/okhttp/3.11.0/okhttp-3.11.0.jar:/home/arpine_k/.m2/repository/com/squareup/okio/okio/1.14.0/okio-1.14.0.jar:/home/arpine_k/.m2/repository/org/seleniumhq/selenium/selenium-server/3.0.1/selenium-server-3.0.1.jar:/home/arpine_k/.m2/repository/net/jcip/jcip-annotations/1.0/jcip-annotations-1.0.jar:/home/arpine_k/.m2/repository/org/seleniumhq/selenium/jetty-repacked/9.2.13.v20160825/jetty-repacked-9.2.13.v20160825.jar:/home/arpine_k/.m2/repository/javax/servlet/javax.servlet-api/3.1.0/javax.servlet-api-3.1.0.jar:/home/arpine_k/.m2/repository/org/seleniumhq/selenium/htmlunit-driver/2.23/htmlunit-driver-2.23.jar:/home/arpine_k/.m2/repository/net/sourceforge/htmlunit/htmlunit/2.23/htmlunit-2.23.jar:/home/arpine_k/.m2/repository/xalan/xalan/2.7.2/xalan-2.7.2.jar:/home/arpine_k/.m2/repository/xalan/serializer/2.7.2/serializer-2.7.2.jar:/home/arpine_k/.m2/repository/org/apache/httpcomponents/httpclient/4.5.2/httpclient-4.5.2.jar:/home/arpine_k/.m2/repository/org/apache/httpcomponents/httpcore/4.4.4/httpcore-4.4.4.jar:/home/arpine_k/.m2/repository/org/apache/httpcomponents/httpmime/4.5.2/httpmime-4.5.2.jar:/home/arpine_k/.m2/repository/net/sourceforge/htmlunit/htmlunit-core-js/2.23/htmlunit-core-js-2.23.jar:/home/arpine_k/.m2/repository/net/sourceforge/htmlunit/neko-htmlunit/2.23/neko-htmlunit-2.23.jar:/home/arpine_k/.m2/repository/xerces/xercesImpl/2.11.0/xercesImpl-2.11.0.jar:/home/arpine_k/.m2/repository/xml-apis/xml-apis/1.4.01/xml-apis-1.4.01.jar:/home/arpine_k/.m2/repository/net/sourceforge/cssparser/cssparser/0.9.20/cssparser-0.9.20.jar:/home/arpine_k/.m2/repository/org/w3c/css/sac/1.3/sac-1.3.jar:/home/arpine_k/.m2/repository/commons-logging/commons-logging/1.2/commons-logging-1.2.jar:/home/arpine_k/.m2/repository/io/github/bonigarcia/webdrivermanager/4.3.1/webdrivermanager-4.3.1.jar:/home/arpine_k/.m2/repository/org/slf4j/slf4j-api/1.7.30/slf4j-api-1.7.30.jar:/home/arpine_k/.m2/repository/commons-io/commons-io/2.8.0/commons-io-2.8.0.jar:/home/arpine_k/.m2/repository/com/google/code/gson/gson/2.8.6/gson-2.8.6.jar:/home/arpine_k/.m2/repository/org/apache/commons/commons-lang3/3.11/commons-lang3-3.11.jar:/home/arpine_k/.m2/repository/org/apache/httpcomponents/client5/httpclient5/5.0.3/httpclient5-5.0.3.jar:/home/arpine_k/.m2/repository/org/apache/httpcomponents/core5/httpcore5/5.0.2/httpcore5-5.0.2.jar:/home/arpine_k/.m2/repository/org/apache/httpcomponents/core5/httpcore5-h2/5.0.2/httpcore5-h2-5.0.2.jar:/home/arpine_k/.m2/repository/commons-codec/commons-codec/1.13/commons-codec-1.13.jar:/home/arpine_k/.m2/repository/org/rauschig/jarchivelib/1.1.0/jarchivelib-1.1.0.jar:/home/arpine_k/.m2/repository/org/apache/commons/commons-compress/1.20/commons-compress-1.20.jar:/home/arpine_k/.m2/repository/org/jsoup/jsoup/1.13.1/jsoup-1.13.1.jar:"/>
    <property name="sun.cpu.endian" value="little"/>
    <property name="user.home" value="/home/arpine_k"/>
    <property name="user.language" value="en"/>
    <property name="java.specification.vendor" value="Oracle Corporation"/>
    <property name="java.version.date" value="2022-07-19"/>
    <property name="java.home" value="/usr/lib/jvm/java-11-openjdk-amd64"/>
    <property name="file.separator" value="/"/>
    <property name="basedir" value="/home/arpine_k/Arm/my-app"/>
    <property name="java.vm.compressedOopsMode" value="Zero based"/>
    <property name="line.separator" value="&#10;"/>
    <property name="java.specification.name" value="Java Platform API Specification"/>
    <property name="java.vm.specification.vendor" value="Oracle Corporation"/>
    <property name="java.awt.graphicsenv" value="sun.awt.X11GraphicsEnvironment"/>
    <property name="surefire.real.class.path" value="/home/arpine_k/Arm/my-app/target/surefire/surefirebooter-20221012163731883_3.jar"/>
    <property name="sun.management.compiler" value="HotSpot 64-Bit Tiered Compilers"/>
    <property name="java.runtime.version" value="11.0.16+8-post-Ubuntu-0ubuntu120.04"/>
    <property name="user.name" value="arpine_k"/>
    <property name="path.separator" value=":"/>
    <property name="os.version" value="5.15.0-48-generic"/>
    <property name="java.runtime.name" value="OpenJDK Runtime Environment"/>
    <property name="file.encoding" value="UTF-8"/>
    <property name="BrowserType" value="firefox"/>
    <property name="java.vm.name" value="OpenJDK 64-Bit Server VM"/>
    <property name="localRepository" value="/home/arpine_k/.m2/repository"/>
    <property name="java.vendor.url.bug" value="https://bugs.launchpad.net/ubuntu/+source/openjdk-lts"/>
    <property name="java.io.tmpdir" value="/tmp"/>
    <property name="java.version" value="11.0.16"/>
    <property name="user.dir" value="/home/arpine_k/Arm/my-app"/>
    <property name="os.arch" value="amd64"/>
    <property name="webdriver.gecko.driver" value="/home/arpine_k/.cache/selenium/geckodriver/linux64/0.31.0/geckodriver"/>
    <property name="java.vm.specification.name" value="Java Virtual Machine Specification"/>
    <property name="java.awt.printerjob" value="sun.print.PSPrinterJob"/>
    <property name="sun.os.patch.level" value="unknown"/>
    <property name="java.library.path" value="/usr/java/packages/lib:/usr/lib/x86_64-linux-gnu/jni:/lib/x86_64-linux-gnu:/usr/lib/x86_64-linux-gnu:/usr/lib/jni:/lib:/usr/lib"/>
    <property name="java.vm.info" value="mixed mode, sharing"/>
    <property name="java.vendor" value="Ubuntu"/>
    <property name="java.vm.version" value="11.0.16+8-post-Ubuntu-0ubuntu120.04"/>
    <property name="propertyName" value="BrowserType"/>
    <property name="sun.io.unicode.encoding" value="UnicodeLittle"/>
    <property name="java.class.version" value="55.0"/>
  </properties>
  <testcase name="invokeBrowser[firefox](1)" classname="com.mycompany.app.AppTest" time="5.765">
    <system-err><![CDATA[SLF4J: Failed to load class "org.slf4j.impl.StaticLoggerBinder".
SLF4J: Defaulting to no-operation (NOP) logger implementation
SLF4J: See http://www.slf4j.org/codes.html#StaticLoggerBinder for further details.
1665578252525	geckodriver	INFO	Listening on 127.0.0.1:13006
1665578252646	mozrunner::runner	INFO	Running command: "/usr/lib/firefox/firefox" "--marionette" "-no-remote" "-profile" "/tmp/rust_mozprofileS7pjJV"
ATTENTION: default value of option mesa_glthread overridden by environment.
ATTENTION: default value of option mesa_glthread overridden by environment.
ATTENTION: default value of option mesa_glthread overridden by environment.
ATTENTION: default value of option mesa_glthread overridden by environment.
1665578253722	Marionette	INFO	Marionette enabled
1665578253727	Marionette	INFO	Listening on port 32905
Read port: 32905
1665578253797	RemoteAgent	WARN	TLS certificate errors will be ignored for this session
console.warn: SearchSettings: "get: No settings file exists, new profile?" (new NotFoundError("Could not open the file at /tmp/rust_mozprofileS7pjJV/search.json.mozlz4", (void 0)))
Missing chrome or resource URL: resource://gre/modules/UpdateListener.sys.mjs
Oct 12, 2022 4:37:35 PM org.openqa.selenium.remote.ProtocolHandshake createSession
INFO: Detected dialect: W3C
console.error: services.settings: 
  main/partitioning-exempt-urls Signature failed  InvalidSignatureError: Invalid content signature (main/partitioning-exempt-urls)
console.error: services.settings: 
  main/partitioning-exempt-urls local data was corrupted
console.warn: services.settings: main/partitioning-exempt-urls Signature verified failed. Retry from scratch
console.error: services.settings: 
  main/partitioning-exempt-urls Signature failed again InvalidSignatureError: Invalid content signature (main/partitioning-exempt-urls)
[2022-10-12T12:37:37Z ERROR mp4parse] Found 2 nul bytes in "\0\0"
[2022-10-12T12:37:37Z ERROR mp4parse] Found 2 nul bytes in "\0\0"
[2022-10-12T12:37:37Z ERROR mp4parse] Found 2 nul bytes in "\0\0"
[2022-10-12T12:37:37Z ERROR mp4parse] Found 2 nul bytes in "\0\0"
]]></system-err>
  </testcase>
</testsuite>