<?xml version="1.0" encoding="UTF-8"?>
<!-- Generated by org.testng.reporters.JUnitReportReporter -->
<testsuite hostname="MC-0235" failures="0" tests="1" name="com.mycompany.app.AppTest" time="5.763" errors="0" timestamp="2022-10-12T16:37:37 AMT" skipped="0">
  <testcase classname="com.mycompany.app.AppTest" name="invokeBrowser" time="5.763"/>
  <system-out/>
</testsuite> <!-- com.mycompany.app.AppTest -->
